0 info it worked if it ends with ok
1 verbose cli [ 'C:\\Program Files\\nodejs\\node.exe',
1 verbose cli   'C:\\Program Files\\nodejs\\node_modules\\npm\\bin\\npm-cli.js',
1 verbose cli   'install',
1 verbose cli   '--save',
1 verbose cli   'peerconnection' ]
2 info using npm@2.14.4
3 info using node@v4.1.1
4 verbose install initial load of C:\xampp\htdocs\WebChat\App\package.json
5 warn package.json WebChatApp@0.0.1 No repository field.
6 warn package.json WebChatApp@0.0.1 No README data
7 warn package.json WebChatApp@0.0.1 No license field.
8 verbose installManyTop reading scoped package data from C:\xampp\htdocs\WebChat\App\node_modules\express\package.json
9 verbose installManyTop reading scoped package data from C:\xampp\htdocs\WebChat\App\node_modules\prompt\package.json
10 verbose installManyTop reading scoped package data from C:\xampp\htdocs\WebChat\App\node_modules\socket.io\package.json
11 info package.json socket.io@1.3.7 No license field.
12 info package.json prompt@0.2.14 No license field.
13 verbose readDependencies loading dependencies from C:\xampp\htdocs\WebChat\App\package.json
14 silly cache add args [ 'peerconnection', null ]
15 verbose cache add spec peerconnection
16 silly cache add parsed spec Result {
16 silly cache add   raw: 'peerconnection',
16 silly cache add   scope: null,
16 silly cache add   name: 'peerconnection',
16 silly cache add   rawSpec: '',
16 silly cache add   spec: '*',
16 silly cache add   type: 'range' }
17 silly addNamed peerconnection@*
18 verbose addNamed "*" is a valid semver range for peerconnection
19 silly addNameRange { name: 'peerconnection', range: '*', hasData: false }
20 silly mapToRegistry name peerconnection
21 silly mapToRegistry using default registry
22 silly mapToRegistry registry https://registry.npmjs.org/
23 silly mapToRegistry uri https://registry.npmjs.org/peerconnection
24 verbose addNameRange registry:https://registry.npmjs.org/peerconnection not in flight; fetching
25 verbose request uri https://registry.npmjs.org/peerconnection
26 verbose request no auth needed
27 info attempt registry request try #1 at 9:30:11 AM
28 verbose request id 35537d5ba4bad35b
29 http request GET https://registry.npmjs.org/peerconnection
30 http 200 https://registry.npmjs.org/peerconnection
31 silly get cb [ 200,
31 silly get   { server: 'CouchDB/1.5.0 (Erlang OTP/R16B03)',
31 silly get     etag: '"1UW810RIZ47EA0XNPFP81Y9TV"',
31 silly get     'content-type': 'application/json',
31 silly get     'cache-control': 'max-age=60',
31 silly get     'content-length': '7370',
31 silly get     'accept-ranges': 'bytes',
31 silly get     date: 'Fri, 30 Oct 2015 14:30:08 GMT',
31 silly get     via: '1.1 varnish',
31 silly get     age: '0',
31 silly get     connection: 'keep-alive',
31 silly get     'x-served-by': 'cache-dfw1832-DFW',
31 silly get     'x-cache': 'MISS',
31 silly get     'x-cache-hits': '0',
31 silly get     'x-timer': 'S1446215408.122847,VS0,VE85',
31 silly get     vary: 'Accept' } ]
32 verbose get saving peerconnection to C:\Users\Big Brother\AppData\Roaming\npm-cache\registry.npmjs.org\peerconnection\.cache.json
33 silly addNameRange number 2 { name: 'peerconnection', range: '*', hasData: true }
34 silly addNameRange versions [ 'peerconnection', [ '0.1.0' ] ]
35 silly addNamed peerconnection@0.1.0
36 verbose addNamed "0.1.0" is a plain semver version for peerconnection
37 silly mapToRegistry name peerconnection
38 silly mapToRegistry using default registry
39 silly mapToRegistry registry https://registry.npmjs.org/
40 silly mapToRegistry uri https://registry.npmjs.org/peerconnection
41 verbose addRemoteTarball https://registry.npmjs.org/peerconnection/-/peerconnection-0.1.0.tgz not in flight; adding
42 verbose addRemoteTarball [ 'https://registry.npmjs.org/peerconnection/-/peerconnection-0.1.0.tgz',
42 verbose addRemoteTarball   'ed517fc246f79c89756632a77d871fcd3031535a' ]
43 info retry fetch attempt 1 at 9:30:14 AM
44 info attempt registry request try #1 at 9:30:14 AM
45 http fetch GET https://registry.npmjs.org/peerconnection/-/peerconnection-0.1.0.tgz
46 http fetch 200 https://registry.npmjs.org/peerconnection/-/peerconnection-0.1.0.tgz
47 silly fetchAndShaCheck shasum ed517fc246f79c89756632a77d871fcd3031535a
48 verbose addTmpTarball C:\Users\BIGBRO~1\AppData\Local\Temp\npm-2412-4737adb1\registry.npmjs.org\peerconnection\-\peerconnection-0.1.0.tgz not in flight; adding
49 verbose addTmpTarball already have metadata; skipping unpack for peerconnection@0.1.0
50 silly cache afterAdd peerconnection@0.1.0
51 verbose afterAdd C:\Users\Big Brother\AppData\Roaming\npm-cache\peerconnection\0.1.0\package\package.json not in flight; writing
52 verbose afterAdd C:\Users\Big Brother\AppData\Roaming\npm-cache\peerconnection\0.1.0\package\package.json written
53 silly install resolved [ { name: 'peerconnection',
53 silly install resolved     version: '0.1.0',
53 silly install resolved     author: { name: 'Mikko Rantanen', email: 'jubjub@jubjubnest.net' },
53 silly install resolved     homepage: 'https://github.com/Rantanen/peerconnection',
53 silly install resolved     bugs: 'https://github.com/Rantanen/peerconnection/issues',
53 silly install resolved     license: 'BSD',
53 silly install resolved     preinstall: null,
53 silly install resolved     repository:
53 silly install resolved      { type: 'git',
53 silly install resolved        url: 'http://github.com/Rantanen/peerconnection.git' },
53 silly install resolved     '//': 'Platform limitations is due to lack of precompiled binaries. See README.md for more information.',
53 silly install resolved     os: [ 'linux' ],
53 silly install resolved     cpu: [ 'x64' ],
53 silly install resolved     devDependencies: { 'socket.io': '~0.9.14' },
53 silly install resolved     engines: { node: '0.10.x' },
53 silly install resolved     dependencies: { bindings: '~1.1.0' },
53 silly install resolved     readme: 'PeerConnection\n==============\n\nPeerConnection implementation for Node.js. This allows Node.js server to\nreceive WebRTC calls from the browsers.  Only Chrome is tested for now. Firefox\nmight work when the [interop notes][interop] are taken into account.\n\nThe API started as a WebRTC server, but for the sake of familiarity its goal is\nto mimic the interface of the PeerConnection object from the browsers. For this\nreason the API is currently changing more towards the browser spec: Using\ncallbacks instead of events and making sure the method names correspond to the\nspec.\n\n[interop]: http://www.webrtc.org/interop (WebRTC interop notes)\n\nExample\n-------\n\n    var connections = [];\n    socket.on(\'offer\', function( sdp ) {\n\t\tconsole.log( "New offer:" );\n        console.log( sdp.sdp );\n\n        // Create the PeerConnection and setRemoteDescription from the offer.\n\t\tvar c = new nodertc.PeerConnection();\n\t\tc.setRemoteDescription( sdp );\n\t\tconnections.push( c );\n\n        // File for writing the audio.\n        var stream = fs.createWriteStream( socket.id + ".pcm" );\n\n\t\tc.on( \'icecandidate\', function( evt ) {\n            // New ice candidate from the local socket.\n            // Emit it to the browser.\n\t\t\tsocket.emit( \'icecandidate\', evt );\n\t\t});\n\n\t\tc.on( \'answer\', function( evt ) {\n            // Answer from the local socket.\n            // Emit it to the browser.\n\t\t\tsocket.emit( \'answer\', evt );\n\t\t});\n\n\t\tc.on( \'audio\', function( evt ) {\n            // Audio from the local socket.\n            // Write it to a f ile.\n            stream.write( evt.data );\n\t\t});\n\n\t\tsocket.on( \'icecandidate\', function( evt ) {\n            // icecandidate from the remote connection,\n            // add it to the local connection.\n\t\t\tc.addIceCandidate( evt );\n\t\t});\n    });\n\n\nPlatform support\n----------------\n\nSupported platforms:\n- Linux x64\n\nThe platform restrictions are due to the native [libjingle][] bindings. New\nplatforms can be added if someone compiles the bindings on these platforms.\n\nCompile libjingle on a new platform using\n\n    gclient config http://libjingle.googlecode.com/svn/trunk\n    gclient sync\n    cd trunk\n    ninja -C out/Release peerconnection_client\n\nAfter this the bindings can be compiled with `node-gyp rebuild`. The\n`binding.gyp` file assumes that libjingle is located next to node-peerclient:\n    \n    ../node-peerclient\n    ../libjingle/trunk\n\nIf this is not the case you can use the libjingle variable to specify its location:\n\n    node-gyp rebuild --libjingle=/usr/sdks/libjingle/trunk\n\n[libjingle]: http://code.google.com/p/libjingle/ (libjingle; Google Talk Voice and P2P Interoperability Library)\n\n### Thanks\n\n* Google and rest of the libjingle team for the WebRTC implementation.\n* João Martins for the original idea on using libjingle.\n',
53 silly install resolved     readmeFilename: 'README.md',
53 silly install resolved     _id: 'peerconnection@0.1.0',
53 silly install resolved     description: 'PeerConnection ==============',
53 silly install resolved     dist:
53 silly install resolved      { shasum: 'ed517fc246f79c89756632a77d871fcd3031535a',
53 silly install resolved        tarball: 'http://registry.npmjs.org/peerconnection/-/peerconnection-0.1.0.tgz' },
53 silly install resolved     _from: 'peerconnection@*',
53 silly install resolved     _npmVersion: '1.2.18',
53 silly install resolved     _npmUser: { name: 'rantanen', email: 'jubjub@jubjubnest.net' },
53 silly install resolved     maintainers: [ [Object] ],
53 silly install resolved     directories: {},
53 silly install resolved     _shasum: 'ed517fc246f79c89756632a77d871fcd3031535a',
53 silly install resolved     _resolved: 'https://registry.npmjs.org/peerconnection/-/peerconnection-0.1.0.tgz' } ]
54 info install peerconnection@0.1.0 into C:\xampp\htdocs\WebChat\App
55 info installOne peerconnection@0.1.0
56 verbose installOne of peerconnection to C:\xampp\htdocs\WebChat\App not in flight; installing
57 verbose lock using C:\Users\Big Brother\AppData\Roaming\npm-cache\_locks\peerconnection-f88f08e5bc9693b6.lock for C:\xampp\htdocs\WebChat\App\node_modules\peerconnection
58 warn engine peerconnection@0.1.0: wanted: {"node":"0.10.x"} (current: {"node":"4.1.1","npm":"2.14.4"})
59 verbose unlock done using C:\Users\Big Brother\AppData\Roaming\npm-cache\_locks\peerconnection-f88f08e5bc9693b6.lock for C:\xampp\htdocs\WebChat\App\node_modules\peerconnection
60 verbose stack Error: Unsupported
60 verbose stack     at checkPlatform (C:\Program Files\nodejs\node_modules\npm\node_modules\npm-install-checks\index.js:47:14)
60 verbose stack     at Array.<anonymous> (C:\Program Files\nodejs\node_modules\npm\node_modules\slide\lib\bind-actor.js:15:8)
60 verbose stack     at LOOP (C:\Program Files\nodejs\node_modules\npm\node_modules\slide\lib\chain.js:15:14)
60 verbose stack     at C:\Program Files\nodejs\node_modules\npm\node_modules\slide\lib\chain.js:18:7
60 verbose stack     at checkEngine (C:\Program Files\nodejs\node_modules\npm\node_modules\npm-install-checks\index.js:26:10)
60 verbose stack     at Array.<anonymous> (C:\Program Files\nodejs\node_modules\npm\node_modules\slide\lib\bind-actor.js:15:8)
60 verbose stack     at LOOP (C:\Program Files\nodejs\node_modules\npm\node_modules\slide\lib\chain.js:15:14)
60 verbose stack     at chain (C:\Program Files\nodejs\node_modules\npm\node_modules\slide\lib\chain.js:20:5)
60 verbose stack     at C:\Program Files\nodejs\node_modules\npm\lib\install.js:1038:5
60 verbose stack     at C:\Program Files\nodejs\node_modules\npm\lib\utils\locker.js:39:7
61 verbose pkgid peerconnection@0.1.0
62 verbose cwd C:\xampp\htdocs\WebChat\App
63 error Windows_NT 6.3.9600
64 error argv "C:\\Program Files\\nodejs\\node.exe" "C:\\Program Files\\nodejs\\node_modules\\npm\\bin\\npm-cli.js" "install" "--save" "peerconnection"
65 error node v4.1.1
66 error npm  v2.14.4
67 error code EBADPLATFORM
68 error notsup Unsupported
68 error notsup Not compatible with your operating system or architecture: peerconnection@0.1.0
68 error notsup Valid OS:    linux
68 error notsup Valid Arch:  x64
68 error notsup Actual OS:   win32
68 error notsup Actual Arch: x64
69 verbose exit [ 1, true ]
